<?xml version="1.0" encoding="UTF-8"?>
<!-- Generated by org.testng.reporters.JUnitXMLReporter -->
<testsuite hostname="DESKTOP-B53CMLH" name="Complete registration for Non-HCP" tests="2" failures="0" timestamp="24 Mar 2018 07:35:34 GMT" time="60.565" errors="0">
  <testcase name="RegistrationForNonHCP" time="54.616" classname="autometionPage.CompleteRegistrationForNonHCP"/>
  <testcase name="ClickOn_OkButton" time="5.373" classname="autometionPage.CompleteRegistrationForNonHCP"/>
</testsuite> <!-- Complete registration for Non-HCP -->
