<?xml version="1.0" encoding="UTF-8"?>
<!-- Generated by org.testng.reporters.JUnitXMLReporter -->
<testsuite hostname="DESKTOP-B53CMLH" name="Complete registration for HCP" tests="2" failures="0" timestamp="24 Mar 2018 07:34:23 GMT" time="84.551" errors="0">
  <testcase name="CompleteRegistrationForHCP1" time="77.445" classname="autometionPage.CompleteRegistrationForHCP"/>
  <testcase name="ClickOn_OkButton" time="6.182" classname="autometionPage.CompleteRegistrationForHCP"/>
</testsuite> <!-- Complete registration for HCP -->
