<?xml version="1.0" encoding="UTF-8"?>
<!-- Generated by org.testng.reporters.JUnitXMLReporter -->
<testsuite hostname="DESKTOP-B53CMLH" name="lunch browse and Title varification" tests="2" failures="0" timestamp="24 Mar 2018 07:32:58 GMT" time="47.415" errors="0">
  <testcase name="lunchBrowser" time="27.697" classname="autometionPage.Verification"/>
  <testcase name="verifiedTitle" time="0.137" classname="autometionPage.Verification"/>
</testsuite> <!-- lunch browse and Title varification -->
