<?xml version="1.0" encoding="UTF-8"?>
<!-- Generated by org.testng.reporters.JUnitXMLReporter -->
<testsuite hostname="DESKTOP-B53CMLH" name="Test For Login--valid and invalid case" tests="4" failures="0" timestamp="24 Mar 2018 07:36:13 GMT" time="29.541" errors="0">
  <testcase name="loginToPP" time="7.027" classname="autometionPage.LoginVerification"/>
  <testcase name="loginToPP" time="6.388" classname="autometionPage.LoginVerification"/>
  <testcase name="loginToPP" time="6.81" classname="autometionPage.LoginVerification"/>
  <testcase name="loginToPP" time="9.0" classname="autometionPage.LoginVerification"/>
</testsuite> <!-- Test For Login-valid and invalid case -->
