<?xml version="1.0" encoding="UTF-8"?>
<!-- Generated by org.testng.reporters.JUnitXMLReporter -->
<testsuite hostname="Panalink-02" name="Test status for Change password." tests="4" failures="0" timestamp="1 Dec 2017 09:35:29 GMT" time="152.073" errors="0">
  <testcase name="ChangeUserPasswod" time="15.653" classname="autometionPage.ChangePassword"/>
  <testcase name="ChangeUserPasswod" time="14.017" classname="autometionPage.ChangePassword"/>
  <testcase name="ChangeUserPasswod" time="17.697" classname="autometionPage.ChangePassword"/>
  <testcase name="ChangeUserPasswod" time="16.832" classname="autometionPage.ChangePassword"/>
</testsuite> <!-- Test status for Change password. -->
